{"name":"Снятие денег с аккаунта, не превышающих по сумме лимита","status":"broken","statusDetails":{"known":false,"muted":false,"flaky":false,"message":"Step [пользователь снимает с {string} {int} рублей, лимит {int} рублей] is defined with 2 parameters at 'autotests.glue.Steps.пользовательСнимаетРублейЛимитРублей(String,int) in file:/C:/Users/user/Desktop/aplana/Tasks/Rest-api/target/classes/'.\nHowever, the gherkin step has 3 arguments:\n * \"аккаунта\"\n * 401\n * 400\nStep text: пользователь снимает с \"аккаунта\" 401 рублей, лимит 400 рублей","trace":"cucumber.runtime.CucumberException: Step [пользователь снимает с {string} {int} рублей, лимит {int} рублей] is defined with 2 parameters at 'autotests.glue.Steps.пользовательСнимаетРублейЛимитРублей(String,int) in file:/C:/Users/user/Desktop/aplana/Tasks/Rest-api/target/classes/'.\nHowever, the gherkin step has 3 arguments:\n * \"аккаунта\"\n * 401\n * 400\nStep text: пользователь снимает с \"аккаунта\" 401 рублей, лимит 400 рублей\r\n\tat cucumber.runtime.PickleStepDefinitionMatch.arityMismatch(PickleStepDefinitionMatch.java:84)\r\n\tat cucumber.runtime.PickleStepDefinitionMatch.runStep(PickleStepDefinitionMatch.java:34)\r\n\tat cucumber.runner.TestStep.executeStep(TestStep.java:55)\r\n\tat cucumber.runner.TestStep.run(TestStep.java:42)\r\n\tat cucumber.runner.PickleStepTestStep.run(PickleStepTestStep.java:53)\r\n\tat cucumber.runner.TestCase.run(TestCase.java:47)\r\n\tat cucumber.runner.Runner.runPickle(Runner.java:44)\r\n\tat cucumber.runtime.junit.PickleRunners$NoStepDescriptions.run(PickleRunners.java:140)\r\n\tat cucumber.runtime.junit.FeatureRunner.runChild(FeatureRunner.java:68)\r\n\tat cucumber.runtime.junit.FeatureRunner.runChild(FeatureRunner.java:23)\r\n\tat org.junit.runners.ParentRunner$3.run(ParentRunner.java:290)\r\n\tat org.junit.runners.ParentRunner$1.schedule(ParentRunner.java:71)\r\n\tat org.junit.runners.ParentRunner.runChildren(ParentRunner.java:288)\r\n\tat org.junit.runners.ParentRunner.access$000(ParentRunner.java:58)\r\n\tat org.junit.runners.ParentRunner$2.evaluate(ParentRunner.java:268)\r\n\tat org.junit.runners.ParentRunner.run(ParentRunner.java:363)\r\n\tat cucumber.runtime.junit.FeatureRunner.run(FeatureRunner.java:73)\r\n\tat cucumber.api.junit.Cucumber.runChild(Cucumber.java:98)\r\n\tat cucumber.api.junit.Cucumber.runChild(Cucumber.java:55)\r\n\tat org.junit.runners.ParentRunner$3.run(ParentRunner.java:290)\r\n\tat org.junit.runners.ParentRunner$1.schedule(ParentRunner.java:71)\r\n\tat org.junit.runners.ParentRunner.runChildren(ParentRunner.java:288)\r\n\tat org.junit.runners.ParentRunner.access$000(ParentRunner.java:58)\r\n\tat org.junit.runners.ParentRunner$2.evaluate(ParentRunner.java:268)\r\n\tat cucumber.api.junit.Cucumber$1.evaluate(Cucumber.java:107)\r\n\tat org.junit.runners.ParentRunner.run(ParentRunner.java:363)\r\n\tat org.junit.runner.JUnitCore.run(JUnitCore.java:137)\r\n\tat com.intellij.junit4.JUnit4IdeaTestRunner.startRunnerWithArgs(JUnit4IdeaTestRunner.java:68)\r\n\tat com.intellij.rt.junit.IdeaTestRunner$Repeater.startRunnerWithArgs(IdeaTestRunner.java:33)\r\n\tat com.intellij.rt.junit.JUnitStarter.prepareStreamsAndStart(JUnitStarter.java:230)\r\n\tat com.intellij.rt.junit.JUnitStarter.main(JUnitStarter.java:58)\r\n"},"stage":"finished","steps":[{"name":"*  пользователь снимает с \"аккаунта\" 401 рублей, лимит 400 рублей","status":"broken","statusDetails":{"known":false,"muted":false,"flaky":false,"message":"Step [пользователь снимает с {string} {int} рублей, лимит {int} рублей] is defined with 2 parameters at 'autotests.glue.Steps.пользовательСнимаетРублейЛимитРублей(String,int) in file:/C:/Users/user/Desktop/aplana/Tasks/Rest-api/target/classes/'.\nHowever, the gherkin step has 3 arguments:\n * \"аккаунта\"\n * 401\n * 400\nStep text: пользователь снимает с \"аккаунта\" 401 рублей, лимит 400 рублей","trace":"cucumber.runtime.CucumberException: Step [пользователь снимает с {string} {int} рублей, лимит {int} рублей] is defined with 2 parameters at 'autotests.glue.Steps.пользовательСнимаетРублейЛимитРублей(String,int) in file:/C:/Users/user/Desktop/aplana/Tasks/Rest-api/target/classes/'.\nHowever, the gherkin step has 3 arguments:\n * \"аккаунта\"\n * 401\n * 400\nStep text: пользователь снимает с \"аккаунта\" 401 рублей, лимит 400 рублей\r\n\tat cucumber.runtime.PickleStepDefinitionMatch.arityMismatch(PickleStepDefinitionMatch.java:84)\r\n\tat cucumber.runtime.PickleStepDefinitionMatch.runStep(PickleStepDefinitionMatch.java:34)\r\n\tat cucumber.runner.TestStep.executeStep(TestStep.java:55)\r\n\tat cucumber.runner.TestStep.run(TestStep.java:42)\r\n\tat cucumber.runner.PickleStepTestStep.run(PickleStepTestStep.java:53)\r\n\tat cucumber.runner.TestCase.run(TestCase.java:47)\r\n\tat cucumber.runner.Runner.runPickle(Runner.java:44)\r\n\tat cucumber.runtime.junit.PickleRunners$NoStepDescriptions.run(PickleRunners.java:140)\r\n\tat cucumber.runtime.junit.FeatureRunner.runChild(FeatureRunner.java:68)\r\n\tat cucumber.runtime.junit.FeatureRunner.runChild(FeatureRunner.java:23)\r\n\tat org.junit.runners.ParentRunner$3.run(ParentRunner.java:290)\r\n\tat org.junit.runners.ParentRunner$1.schedule(ParentRunner.java:71)\r\n\tat org.junit.runners.ParentRunner.runChildren(ParentRunner.java:288)\r\n\tat org.junit.runners.ParentRunner.access$000(ParentRunner.java:58)\r\n\tat org.junit.runners.ParentRunner$2.evaluate(ParentRunner.java:268)\r\n\tat org.junit.runners.ParentRunner.run(ParentRunner.java:363)\r\n\tat cucumber.runtime.junit.FeatureRunner.run(FeatureRunner.java:73)\r\n\tat cucumber.api.junit.Cucumber.runChild(Cucumber.java:98)\r\n\tat cucumber.api.junit.Cucumber.runChild(Cucumber.java:55)\r\n\tat org.junit.runners.ParentRunner$3.run(ParentRunner.java:290)\r\n\tat org.junit.runners.ParentRunner$1.schedule(ParentRunner.java:71)\r\n\tat org.junit.runners.ParentRunner.runChildren(ParentRunner.java:288)\r\n\tat org.junit.runners.ParentRunner.access$000(ParentRunner.java:58)\r\n\tat org.junit.runners.ParentRunner$2.evaluate(ParentRunner.java:268)\r\n\tat cucumber.api.junit.Cucumber$1.evaluate(Cucumber.java:107)\r\n\tat org.junit.runners.ParentRunner.run(ParentRunner.java:363)\r\n\tat org.junit.runner.JUnitCore.run(JUnitCore.java:137)\r\n\tat com.intellij.junit4.JUnit4IdeaTestRunner.startRunnerWithArgs(JUnit4IdeaTestRunner.java:68)\r\n\tat com.intellij.rt.junit.IdeaTestRunner$Repeater.startRunnerWithArgs(IdeaTestRunner.java:33)\r\n\tat com.intellij.rt.junit.JUnitStarter.prepareStreamsAndStart(JUnitStarter.java:230)\r\n\tat com.intellij.rt.junit.JUnitStarter.main(JUnitStarter.java:58)\r\n"},"stage":"finished","steps":[],"attachments":[],"parameters":[],"start":1593617662373,"stop":1593617662373}],"attachments":[],"parameters":[],"start":1593617662361,"stop":1593617662373,"uuid":"48af78dc-677c-43e2-8ace-17e919f2afba","historyId":"3a50409a4d393dd82240f9a5656c1b66","fullName":"Проверка лимитов по операциям: Снятие денег с аккаунта, не превышающих по сумме лимита","labels":[{"name":"feature","value":"Проверка лимитов по операциям"},{"name":"story","value":"Снятие денег с аккаунта, не превышающих по сумме лимита"},{"name":"tag","value":"scenario6"},{"name":"host","value":"DESKTOP-89KR99K"},{"name":"thread","value":"12040@DESKTOP-89KR99K.main(1)"},{"name":"package","value":"Проверка лимитов по операциям"},{"name":"suite","value":"Проверка лимитов по операциям"},{"name":"testClass","value":"Снятие денег с аккаунта, не превышающих по сумме лимита"},{"name":"framework","value":"cucumber3jvm"},{"name":"language","value":"java"}],"links":[]}