{"name":"Снятие денег с аккаунта, превышающих по количеству лимита","status":"broken","statusDetails":{"known":false,"muted":false,"flaky":false,"message":"Step [пользователь проводит {int} операций с {string}] is defined with 1 parameters at 'autotests.glue.Steps.moreThanCount(int) in file:/C:/Users/user/Desktop/aplana/Tasks/Rest-api/target/classes/'.\nHowever, the gherkin step has 2 arguments:\n * 10\n * \"аккаунта\"\nStep text: пользователь проводит 10 операций с \"аккаунта\"","trace":"cucumber.runtime.CucumberException: Step [пользователь проводит {int} операций с {string}] is defined with 1 parameters at 'autotests.glue.Steps.moreThanCount(int) in file:/C:/Users/user/Desktop/aplana/Tasks/Rest-api/target/classes/'.\nHowever, the gherkin step has 2 arguments:\n * 10\n * \"аккаунта\"\nStep text: пользователь проводит 10 операций с \"аккаунта\"\r\n\tat cucumber.runtime.PickleStepDefinitionMatch.arityMismatch(PickleStepDefinitionMatch.java:84)\r\n\tat cucumber.runtime.PickleStepDefinitionMatch.runStep(PickleStepDefinitionMatch.java:34)\r\n\tat cucumber.runner.TestStep.executeStep(TestStep.java:55)\r\n\tat cucumber.runner.TestStep.run(TestStep.java:42)\r\n\tat cucumber.runner.PickleStepTestStep.run(PickleStepTestStep.java:53)\r\n\tat cucumber.runner.TestCase.run(TestCase.java:47)\r\n\tat cucumber.runner.Runner.runPickle(Runner.java:44)\r\n\tat cucumber.runtime.junit.PickleRunners$NoStepDescriptions.run(PickleRunners.java:140)\r\n\tat cucumber.runtime.junit.FeatureRunner.runChild(FeatureRunner.java:68)\r\n\tat cucumber.runtime.junit.FeatureRunner.runChild(FeatureRunner.java:23)\r\n\tat org.junit.runners.ParentRunner$3.run(ParentRunner.java:290)\r\n\tat org.junit.runners.ParentRunner$1.schedule(ParentRunner.java:71)\r\n\tat org.junit.runners.ParentRunner.runChildren(ParentRunner.java:288)\r\n\tat org.junit.runners.ParentRunner.access$000(ParentRunner.java:58)\r\n\tat org.junit.runners.ParentRunner$2.evaluate(ParentRunner.java:268)\r\n\tat org.junit.runners.ParentRunner.run(ParentRunner.java:363)\r\n\tat cucumber.runtime.junit.FeatureRunner.run(FeatureRunner.java:73)\r\n\tat cucumber.api.junit.Cucumber.runChild(Cucumber.java:98)\r\n\tat cucumber.api.junit.Cucumber.runChild(Cucumber.java:55)\r\n\tat org.junit.runners.ParentRunner$3.run(ParentRunner.java:290)\r\n\tat org.junit.runners.ParentRunner$1.schedule(ParentRunner.java:71)\r\n\tat org.junit.runners.ParentRunner.runChildren(ParentRunner.java:288)\r\n\tat org.junit.runners.ParentRunner.access$000(ParentRunner.java:58)\r\n\tat org.junit.runners.ParentRunner$2.evaluate(ParentRunner.java:268)\r\n\tat cucumber.api.junit.Cucumber$1.evaluate(Cucumber.java:107)\r\n\tat org.junit.runners.ParentRunner.run(ParentRunner.java:363)\r\n\tat org.junit.runner.JUnitCore.run(JUnitCore.java:137)\r\n\tat com.intellij.junit4.JUnit4IdeaTestRunner.startRunnerWithArgs(JUnit4IdeaTestRunner.java:68)\r\n\tat com.intellij.rt.junit.IdeaTestRunner$Repeater.startRunnerWithArgs(IdeaTestRunner.java:33)\r\n\tat com.intellij.rt.junit.JUnitStarter.prepareStreamsAndStart(JUnitStarter.java:230)\r\n\tat com.intellij.rt.junit.JUnitStarter.main(JUnitStarter.java:58)\r\n"},"stage":"finished","steps":[{"name":"*  пользователь проводит 10 операций с \"аккаунта\"","status":"broken","statusDetails":{"known":false,"muted":false,"flaky":false,"message":"Step [пользователь проводит {int} операций с {string}] is defined with 1 parameters at 'autotests.glue.Steps.moreThanCount(int) in file:/C:/Users/user/Desktop/aplana/Tasks/Rest-api/target/classes/'.\nHowever, the gherkin step has 2 arguments:\n * 10\n * \"аккаунта\"\nStep text: пользователь проводит 10 операций с \"аккаунта\"","trace":"cucumber.runtime.CucumberException: Step [пользователь проводит {int} операций с {string}] is defined with 1 parameters at 'autotests.glue.Steps.moreThanCount(int) in file:/C:/Users/user/Desktop/aplana/Tasks/Rest-api/target/classes/'.\nHowever, the gherkin step has 2 arguments:\n * 10\n * \"аккаунта\"\nStep text: пользователь проводит 10 операций с \"аккаунта\"\r\n\tat cucumber.runtime.PickleStepDefinitionMatch.arityMismatch(PickleStepDefinitionMatch.java:84)\r\n\tat cucumber.runtime.PickleStepDefinitionMatch.runStep(PickleStepDefinitionMatch.java:34)\r\n\tat cucumber.runner.TestStep.executeStep(TestStep.java:55)\r\n\tat cucumber.runner.TestStep.run(TestStep.java:42)\r\n\tat cucumber.runner.PickleStepTestStep.run(PickleStepTestStep.java:53)\r\n\tat cucumber.runner.TestCase.run(TestCase.java:47)\r\n\tat cucumber.runner.Runner.runPickle(Runner.java:44)\r\n\tat cucumber.runtime.junit.PickleRunners$NoStepDescriptions.run(PickleRunners.java:140)\r\n\tat cucumber.runtime.junit.FeatureRunner.runChild(FeatureRunner.java:68)\r\n\tat cucumber.runtime.junit.FeatureRunner.runChild(FeatureRunner.java:23)\r\n\tat org.junit.runners.ParentRunner$3.run(ParentRunner.java:290)\r\n\tat org.junit.runners.ParentRunner$1.schedule(ParentRunner.java:71)\r\n\tat org.junit.runners.ParentRunner.runChildren(ParentRunner.java:288)\r\n\tat org.junit.runners.ParentRunner.access$000(ParentRunner.java:58)\r\n\tat org.junit.runners.ParentRunner$2.evaluate(ParentRunner.java:268)\r\n\tat org.junit.runners.ParentRunner.run(ParentRunner.java:363)\r\n\tat cucumber.runtime.junit.FeatureRunner.run(FeatureRunner.java:73)\r\n\tat cucumber.api.junit.Cucumber.runChild(Cucumber.java:98)\r\n\tat cucumber.api.junit.Cucumber.runChild(Cucumber.java:55)\r\n\tat org.junit.runners.ParentRunner$3.run(ParentRunner.java:290)\r\n\tat org.junit.runners.ParentRunner$1.schedule(ParentRunner.java:71)\r\n\tat org.junit.runners.ParentRunner.runChildren(ParentRunner.java:288)\r\n\tat org.junit.runners.ParentRunner.access$000(ParentRunner.java:58)\r\n\tat org.junit.runners.ParentRunner$2.evaluate(ParentRunner.java:268)\r\n\tat cucumber.api.junit.Cucumber$1.evaluate(Cucumber.java:107)\r\n\tat org.junit.runners.ParentRunner.run(ParentRunner.java:363)\r\n\tat org.junit.runner.JUnitCore.run(JUnitCore.java:137)\r\n\tat com.intellij.junit4.JUnit4IdeaTestRunner.startRunnerWithArgs(JUnit4IdeaTestRunner.java:68)\r\n\tat com.intellij.rt.junit.IdeaTestRunner$Repeater.startRunnerWithArgs(IdeaTestRunner.java:33)\r\n\tat com.intellij.rt.junit.JUnitStarter.prepareStreamsAndStart(JUnitStarter.java:230)\r\n\tat com.intellij.rt.junit.JUnitStarter.main(JUnitStarter.java:58)\r\n"},"stage":"finished","steps":[],"attachments":[],"parameters":[],"start":1593628637558,"stop":1593628637559}],"attachments":[],"parameters":[],"start":1593628637551,"stop":1593628637559,"uuid":"625e1806-1f4c-4eb3-9f5f-27f569c9e8ca","historyId":"d372d7a7c5649e0e08a043d22778ef36","fullName":"Проверка лимитов по операциям: Снятие денег с аккаунта, превышающих по количеству лимита","labels":[{"name":"feature","value":"Проверка лимитов по операциям"},{"name":"story","value":"Снятие денег с аккаунта, превышающих по количеству лимита"},{"name":"tag","value":"scenario8"},{"name":"host","value":"DESKTOP-89KR99K"},{"name":"thread","value":"4140@DESKTOP-89KR99K.main(1)"},{"name":"package","value":"Проверка лимитов по операциям"},{"name":"suite","value":"Проверка лимитов по операциям"},{"name":"testClass","value":"Снятие денег с аккаунта, превышающих по количеству лимита"},{"name":"framework","value":"cucumber3jvm"},{"name":"language","value":"java"}],"links":[]}